#
# There is insufficient memory for the Java Runtime Environment to continue.
# Native memory allocation (mmap) failed to map 255852544 bytes for G1 virtual space
# Possible reasons:
#   The system is out of physical RAM or swap space
#   The process is running with CompressedOops enabled, and the Java Heap may be blocking the growth of the native heap
# Possible solutions:
#   Reduce memory load on the system
#   Increase physical memory or swap space
#   Check if swap backing store is full
#   Decrease Java heap size (-Xmx/-Xms)
#   Decrease number of Java threads
#   Decrease Java thread stack sizes (-Xss)
#   Set larger code cache with -XX:ReservedCodeCacheSize=
#   JVM is running with Zero Based Compressed Oops mode in which the Java heap is
#     placed in the first 32GB address space. The Java Heap base address is the
#     maximum limit for the native heap growth. Please use -XX:HeapBaseMinAddress
#     to set the Java Heap base and to place the Java Heap above 32GB virtual address.
# This output file may be truncated or incomplete.
#
#  Out of Memory Error (os_windows.cpp:3771), pid=14880, tid=46624
#
# JRE version:  (17.0.7) (build )
# Java VM: OpenJDK 64-Bit Server VM (17.0.7+0-b2043.56-10550314, mixed mode, sharing, tiered, compressed oops, compressed class ptrs, g1 gc, windows-amd64)
# No core dump will be written. Minidumps are not enabled by default on client versions of Windows
#

---------------  S U M M A R Y ------------

Command Line: org.jetbrains.kotlin.cli.jvm.K2JVMCompiler @C:\Users\e_yec\AndroidStudioProjects\RPMMovil\app\build\20240314_13218766429235384413.compiler.options

Host: AMD Ryzen 7 7840HS w/ Radeon 780M Graphics     , 16 cores, 15G,  Windows 11 , 64 bit Build 22621 (10.0.22621.3235)
Time: Thu Mar 14 16:51:52 2024 Hora est. Pacífico, Sudamérica elapsed time: 0.011218 seconds (0d 0h 0m 0s)

---------------  T H R E A D  ---------------

Current thread (0x000001d743c33820):  JavaThread "Unknown thread" [_thread_in_vm, id=46624, stack(0x0000006c1a700000,0x0000006c1a800000)]

Stack: [0x0000006c1a700000,0x0000006c1a800000]
Native frames: (J=compiled Java code, j=interpreted, Vv=VM code, C=native code)
V  [jvm.dll+0x683bfa]
V  [jvm.dll+0x8430a4]
V  [jvm.dll+0x8449be]
V  [jvm.dll+0x845023]
V  [jvm.dll+0x24ad2f]
V  [jvm.dll+0x680ac9]
V  [jvm.dll+0x67519a]
V  [jvm.dll+0x30b3cb]
V  [jvm.dll+0x312876]
V  [jvm.dll+0x36221e]
V  [jvm.dll+0x36244f]
V  [jvm.dll+0x2e14a8]
V  [jvm.dll+0x2e2414]
V  [jvm.dll+0x814391]
V  [jvm.dll+0x36ffe1]
V  [jvm.dll+0x7f396c]
V  [jvm.dll+0x3f305f]
V  [jvm.dll+0x3f4b91]
C  [jli.dll+0x528f]
C  [ucrtbase.dll+0x29363]
C  [KERNEL32.DLL+0x1257d]
C  [ntdll.dll+0x5aa58]


---------------  P R O C E S S  ---------------

Threads class SMR info:
_java_thread_list=0x00007ffccf1ed098, length=0, elements={
}

Java Threads: ( => current thread )

Other Threads:
  0x000001d743c9ec90 GCTaskThread "GC Thread#0" [stack: 0x0000006c1a800000,0x0000006c1a900000] [id=53548]
  0x000001d743caeec0 ConcurrentGCThread "G1 Main Marker" [stack: 0x0000006c1a900000,0x0000006c1aa00000] [id=46680]
  0x000001d743cb1e90 ConcurrentGCThread "G1 Conc#0" [stack: 0x0000006c1aa00000,0x0000006c1ab00000] [id=53268]

[error occurred during error reporting (printing all threads), id 0xc0000005, EXCEPTION_ACCESS_VIOLATION (0xc0000005) at pc=0x00007ffcce9a2087]

VM state: not at safepoint (not fully initialized)

VM Mutex/Monitor currently owned by a thread:  ([mutex/lock_event])
[0x000001d743c2f160] Heap_lock - owner thread: 0x000001d743c33820

Heap address: 0x000000070ce00000, size: 3890 MB, Compressed Oops mode: Zero based, Oop shift amount: 3

CDS archive(s) mapped at: [0x0000000000000000-0x0000000000000000-0x0000000000000000), size 0, SharedBaseAddress: 0x0000000800000000, ArchiveRelocationMode: 0.
Narrow klass base: 0x0000000000000000, Narrow klass shift: 0, Narrow klass range: 0x0

GC Precious Log:
<Empty>

Heap:
 garbage-first heap   total 0K, used 0K [0x000000070ce00000, 0x0000000800000000)
  region size 2048K, 0 young (0K), 0 survivors (0K)
 Metaspace       used 0K, committed 0K, reserved 0K
  class space    used 0K, committed 0K, reserved 0K

Heap Regions: E=young(eden), S=young(survivor), O=old, HS=humongous(starts), HC=humongous(continues), CS=collection set, F=free, OA=open archive, CA=closed archive, TAMS=top-at-mark-start (previous, next)

Card table byte_map: [0x000001d757130000,0x000001d7578d0000] _byte_map_base: 0x000001d7538c9000

Marking Bits (Prev, Next): (CMBitMap*) 0x000001d743c9f1b0, (CMBitMap*) 0x000001d743c9f1f0
 Prev Bits: [0x000001d758070000, 0x000001d75bd38000)
 Next Bits: [0x000001d75bd40000, 0x000001d75fa08000)

GC Heap History (0 events):
No events

Dll operation events (1 events):
Event: 0.007 Loaded shared library C:\Program Files\Android\Android Studio\jbr\bin\java.dll

Deoptimization events (0 events):
No events

Classes unloaded (0 events):
No events

Classes redefined (0 events):
No events

Internal exceptions (0 events):
No events

VM Operations (0 events):
No events

Events (0 events):
No events


Dynamic libraries:
0x00007ff7a9600000 - 0x00007ff7a960a000 	C:\Program Files\Android\Android Studio\jbr\bin\java.exe
0x00007ffd23a70000 - 0x00007ffd23c86000 	C:\Windows\SYSTEM32\ntdll.dll
0x00007ffceb130000 - 0x00007ffceb149000 	C:\Program Files\Avast Software\Avast\aswhook.dll
0x00007ffd22150000 - 0x00007ffd22214000 	C:\Windows\System32\KERNEL32.DLL
0x00007ffd211d0000 - 0x00007ffd21576000 	C:\Windows\System32\KERNELBASE.dll
0x00007ffd20f80000 - 0x00007ffd21091000 	C:\Windows\System32\ucrtbase.dll
0x00007ffcfc270000 - 0x00007ffcfc287000 	C:\Program Files\Android\Android Studio\jbr\bin\jli.dll
0x00007ffce5b80000 - 0x00007ffce5b9b000 	C:\Program Files\Android\Android Studio\jbr\bin\VCRUNTIME140.dll
0x00007ffd22dd0000 - 0x00007ffd22f7d000 	C:\Windows\System32\USER32.dll
0x00007ffd21620000 - 0x00007ffd21646000 	C:\Windows\System32\win32u.dll
0x00007ffcf9500000 - 0x00007ffcf9793000 	C:\Windows\WinSxS\amd64_microsoft.windows.common-controls_6595b64144ccf1df_6.0.22621.3235_none_270f74e173860f98\COMCTL32.dll
0x00007ffd22120000 - 0x00007ffd22149000 	C:\Windows\System32\GDI32.dll
0x00007ffd23330000 - 0x00007ffd233d7000 	C:\Windows\System32\msvcrt.dll
0x00007ffd20e60000 - 0x00007ffd20f78000 	C:\Windows\System32\gdi32full.dll
0x00007ffd21580000 - 0x00007ffd2161a000 	C:\Windows\System32\msvcp_win.dll
0x00007ffd235f0000 - 0x00007ffd23621000 	C:\Windows\System32\IMM32.DLL
0x00007ffd007c0000 - 0x00007ffd007cc000 	C:\Program Files\Android\Android Studio\jbr\bin\vcruntime140_1.dll
0x00007ffcd9f20000 - 0x00007ffcd9fad000 	C:\Program Files\Android\Android Studio\jbr\bin\msvcp140.dll
0x00007ffcce6b0000 - 0x00007ffccf330000 	C:\Program Files\Android\Android Studio\jbr\bin\server\jvm.dll
0x00007ffd225c0000 - 0x00007ffd22672000 	C:\Windows\System32\ADVAPI32.dll
0x00007ffd23450000 - 0x00007ffd234f8000 	C:\Windows\System32\sechost.dll
0x00007ffd20db0000 - 0x00007ffd20dd8000 	C:\Windows\System32\bcrypt.dll
0x00007ffd23730000 - 0x00007ffd23845000 	C:\Windows\System32\RPCRT4.dll
0x00007ffd1a1d0000 - 0x00007ffd1a204000 	C:\Windows\SYSTEM32\WINMM.dll
0x00007ffd0f930000 - 0x00007ffd0f939000 	C:\Windows\SYSTEM32\WSOCK32.dll
0x00007ffd19550000 - 0x00007ffd1955a000 	C:\Windows\SYSTEM32\VERSION.dll
0x00007ffd22760000 - 0x00007ffd227d1000 	C:\Windows\System32\WS2_32.dll
0x00007ffd1fdb0000 - 0x00007ffd1fdc8000 	C:\Windows\SYSTEM32\kernel.appcore.dll
0x00007ffd1a2d0000 - 0x00007ffd1a2da000 	C:\Program Files\Android\Android Studio\jbr\bin\jimage.dll
0x00007ffd1e700000 - 0x00007ffd1e933000 	C:\Windows\SYSTEM32\DBGHELP.DLL
0x00007ffd22fa0000 - 0x00007ffd23328000 	C:\Windows\System32\combase.dll
0x00007ffd22680000 - 0x00007ffd22757000 	C:\Windows\System32\OLEAUT32.dll
0x00007ffd15300000 - 0x00007ffd15332000 	C:\Windows\SYSTEM32\dbgcore.DLL
0x00007ffd20de0000 - 0x00007ffd20e5a000 	C:\Windows\System32\bcryptPrimitives.dll
0x00007ffce4170000 - 0x00007ffce4195000 	C:\Program Files\Android\Android Studio\jbr\bin\java.dll

dbghelp: loaded successfully - version: 4.0.5 - missing functions: none
symbol engine: initialized successfully - sym options: 0x614 - pdb path: .;C:\Program Files\Android\Android Studio\jbr\bin;C:\Windows\SYSTEM32;C:\Program Files\Avast Software\Avast;C:\Windows\WinSxS\amd64_microsoft.windows.common-controls_6595b64144ccf1df_6.0.22621.3235_none_270f74e173860f98;C:\Program Files\Android\Android Studio\jbr\bin\server

VM Arguments:
java_command: org.jetbrains.kotlin.cli.jvm.K2JVMCompiler @C:\Users\e_yec\AndroidStudioProjects\RPMMovil\app\build\20240314_13218766429235384413.compiler.options
java_class_path (initial): C:\Users\e_yec\.gradle\caches\modules-2\files-2.1\org.jetbrains.kotlin\kotlin-compiler-embeddable\1.9.10\57ca1b0823ae3ecb451a97e1f8e6de0b19ea5294\kotlin-compiler-embeddable-1.9.10.jar;C:\Users\e_yec\.gradle\caches\modules-2\files-2.1\org.jetbrains.kotlin\kotlin-stdlib\1.9.10\72812e8a368917ab5c0a5081b56915ffdfec93b7\kotlin-stdlib-1.9.10.jar;C:\Users\e_yec\.gradle\caches\modules-2\files-2.1\org.jetbrains.kotlin\kotlin-script-runtime\1.9.10\398513a8534701579cccaf5953ea914416b4696c\kotlin-script-runtime-1.9.10.jar;C:\Users\e_yec\.gradle\caches\modules-2\files-2.1\org.jetbrains.kotlin\kotlin-reflect\1.6.10\1cbe9c92c12a94eea200d23c2bbaedaf3daf5132\kotlin-reflect-1.6.10.jar;C:\Users\e_yec\.gradle\caches\modules-2\files-2.1\org.jetbrains.kotlin\kotlin-daemon-embeddable\1.9.10\bda2f7daa6b89d2ded2d9e1e0b0cadaf9446ade1\kotlin-daemon-embeddable-1.9.10.jar;C:\Users\e_yec\.gradle\caches\modules-2\files-2.1\org.jetbrains.intellij.deps\trove4j\1.0.20200330\3afb14d5f9ceb459d724e907a21145e8ff394f02\trove4j-1.0.20200330.jar;C:\Users\e_yec\.gradle\caches\modules-2\files-2.1\org.jetbrains.kotlin\kotlin-stdlib-common\1.9.10\dafaf2c27f27c09220cee312df10917d9a5d97ce\kotlin-stdlib-common-1.9.10.jar;C:\Users\e_yec\.gradle\caches\modules-2\files-2.1\org.jetbrains\annotations\13.0\919f0dfe192fb4e063e7dacadee7f8bb9a2672a9\annotations-13.0.jar
Launcher Type: SUN_STANDARD

[Global flags]
     intx CICompilerCount                          = 12                                        {product} {ergonomic}
     uint ConcGCThreads                            = 3                                         {product} {ergonomic}
     uint G1ConcRefinementThreads                  = 13                                        {product} {ergonomic}
   size_t G1HeapRegionSize                         = 2097152                                   {product} {ergonomic}
    uintx GCDrainStackTargetSize                   = 64                                        {product} {ergonomic}
   size_t InitialHeapSize                          = 255852544                                 {product} {ergonomic}
   size_t MarkStackSize                            = 4194304                                   {product} {ergonomic}
   size_t MaxHeapSize                              = 4078960640                                {product} {ergonomic}
   size_t MinHeapDeltaBytes                        = 2097152                                   {product} {ergonomic}
   size_t MinHeapSize                              = 8388608                                   {product} {ergonomic}
    uintx NonNMethodCodeHeapSize                   = 7602480                                {pd product} {ergonomic}
    uintx NonProfiledCodeHeapSize                  = 122027880                              {pd product} {ergonomic}
    uintx ProfiledCodeHeapSize                     = 122027880                              {pd product} {ergonomic}
    uintx ReservedCodeCacheSize                    = 251658240                              {pd product} {ergonomic}
     bool SegmentedCodeCache                       = true                                      {product} {ergonomic}
   size_t SoftMaxHeapSize                          = 4078960640                             {manageable} {ergonomic}
     bool UseCompressedClassPointers               = true                           {product lp64_product} {ergonomic}
     bool UseCompressedOops                        = true                           {product lp64_product} {ergonomic}
     bool UseG1GC                                  = true                                      {product} {ergonomic}
     bool UseLargePagesIndividualAllocation        = false                                  {pd product} {ergonomic}

Logging:
Log output configuration:
 #0: stdout all=warning uptime,level,tags
 #1: stderr all=off uptime,level,tags

Environment Variables:
PATH=C:\Windows\system32;C:\Windows;C:\Windows\System32\Wbem;C:\Windows\System32\WindowsPowerShell\v1.0\;C:\Windows\System32\OpenSSH\;C:\Program Files (x86)\NVIDIA Corporation\PhysX\Common;C:\Program Files\NVIDIA Corporation\NVIDIA NvDLISR;C:\Program Files\Git\cmd;C:\Program Files\nodejs\;C:\Program Files\dotnet\;C:\ProgramData\chocolatey\bin;C:\Program Files\Vagrant\bin;C:\Windows?\system32;C:\Windows;;C:\Program Files\Docker\Docker\resources\bin;C:\Users\e_yec\AppData\Local\Microsoft\WindowsApps;C:\Users\e_yec\AppData\Local\Programs\Microsoft VS Code\bin;C:\Users\e_yec\AppData\Local\Programs\mongosh\;C:\Program Files\MongoDB\Server\7.0\bin;C:\Users\e_yec\AppData\Roaming\npm
USERNAME=e_yec
OS=Windows_NT
PROCESSOR_IDENTIFIER=AMD64 Family 25 Model 116 Stepping 1, AuthenticAMD
TMP=C:\Users\e_yec\AppData\Local\Temp
TEMP=C:\Users\e_yec\AppData\Local\Temp


JNI global refs:
JNI global refs: 0, weak refs: 0

JNI global refs memory usage: 0, weak refs: 0

OOME stack traces (most recent first):
Classloader memory used:


---------------  S Y S T E M  ---------------

OS:
 Windows 11 , 64 bit Build 22621 (10.0.22621.3235)
OS uptime: 0 days 18:26 hours
Hyper-V role detected

CPU: total 16 (initial active 16) (16 cores per cpu, 2 threads per core) family 25 model 116 stepping 1 microcode 0x0, cx8, cmov, fxsr, ht, mmx, 3dnowpref, sse, sse2, sse3, ssse3, sse4a, sse4.1, sse4.2, popcnt, lzcnt, tsc, tscinvbit, avx, avx2, aes, erms, clmul, bmi1, bmi2, adx, avx512f, avx512dq, avx512cd, avx512bw, avx512vl, sha, fma, vzeroupper, avx512_vpopcntdq, avx512_vpclmulqdq, avx512_vaes, avx512_vnni, clflush, clflushopt, avx512_vbmi2, avx512_vbmi, hv

Memory: 4k page, system-wide physical 15554M (241M free)
TotalPageFile size 23746M (AvailPageFile size 143M)
current process WorkingSet (physical memory assigned to process): 12M, peak: 12M
current process commit charge ("private bytes"): 70M, peak: 314M

vm_info: OpenJDK 64-Bit Server VM (17.0.7+0-b2043.56-10550314) for windows-amd64 JRE (17.0.7+0-b2043.56-10550314), built on Jul 24 2023 18:27:45 by "androidbuild" with MS VC++ 16.10 / 16.11 (VS2019)

END.
